<?xml version="1.0" encoding="UTF-8"?>
<!-- Generated by org.testng.reporters.JUnitReportReporter -->
<testsuite hostname="DESKTOP-C4LC40M" failures="0" tests="1" name="TestLayer.RegisterPageTest" time="3.857" errors="0" timestamp="2022-11-29T12:40:07 IST" skipped="0">
  <testcase classname="TestLayer.RegisterPageTest" name="validateRegisterFunctionality" time="3.857"/>
  <system-out/>
</testsuite> <!-- TestLayer.RegisterPageTest -->
