<?xml version="1.0" encoding="UTF-8"?>
<!-- Generated by org.testng.reporters.JUnitReportReporter -->
<testsuite hostname="DESKTOP-C4LC40M" failures="0" tests="4" name="TestLayer.RegisterSucessTest" time="0.090" errors="0" timestamp="2022-11-29T12:40:07 IST" skipped="0">
  <testcase classname="TestLayer.RegisterSucessTest" name="validateSucessPageUrl" time="0.015"/>
  <system-out/>
  <testcase classname="TestLayer.RegisterSucessTest" name="validateFirstName" time="0.029"/>
  <system-out/>
  <testcase classname="TestLayer.RegisterSucessTest" name="validateLastName" time="0.018"/>
  <system-out/>
  <testcase classname="TestLayer.RegisterSucessTest" name="validateEmailId" time="0.028"/>
  <system-out/>
</testsuite> <!-- TestLayer.RegisterSucessTest -->
